#
# There is insufficient memory for the Java Runtime Environment to continue.
# Native memory allocation (malloc) failed to allocate 116016 bytes for Chunk::new
# Possible reasons:
#   The system is out of physical RAM or swap space
#   In 32 bit mode, the process size limit was hit
# Possible solutions:
#   Reduce memory load on the system
#   Increase physical memory or swap space
#   Check if swap backing store is full
#   Use 64 bit Java on a 64 bit OS
#   Decrease Java heap size (-Xmx/-Xms)
#   Decrease number of Java threads
#   Decrease Java thread stack sizes (-Xss)
#   Set larger code cache with -XX:ReservedCodeCacheSize=
# This output file may be truncated or incomplete.
#
#  Out of Memory Error (allocation.cpp:390), pid=6644, tid=0x00000000000016f8
#
# JRE version: Java(TM) SE Runtime Environment (8.0_101-b13) (build 1.8.0_101-b13)
# Java VM: Java HotSpot(TM) 64-Bit Server VM (25.101-b13 mixed mode windows-amd64 compressed oops)
# Failed to write core dump. Minidumps are not enabled by default on client versions of Windows
#

---------------  T H R E A D  ---------------

Current thread (0x00000000565b5000):  JavaThread "C2 CompilerThread0" daemon [_thread_in_native, id=5880, stack(0x0000000056c90000,0x0000000056d90000)]

Stack: [0x0000000056c90000,0x0000000056d90000]
[error occurred during error reporting (printing stack bounds), id 0xc0000005]

Native frames: (J=compiled Java code, j=interpreted, Vv=VM code, C=native code)


Current CompileTask:
C2: 678790 4640   !   4       org.springframework.core.annotation.AnnotationUtils::findAnnotation (205 bytes)


---------------  P R O C E S S  ---------------

Java Threads: ( => current thread )
  0x0000000058636000 JavaThread "DestroyJavaVM" [_thread_blocked, id=8972, stack(0x00000000023c0000,0x00000000024c0000)]
  0x0000000058635800 JavaThread "http-nio-8081-AsyncTimeout" daemon [_thread_blocked, id=8560, stack(0x0000000060cf0000,0x0000000060df0000)]
  0x0000000058634800 JavaThread "http-nio-8081-Acceptor-0" daemon [_thread_in_native, id=6028, stack(0x000000005f4f0000,0x000000005f5f0000)]
  0x0000000058634000 JavaThread "http-nio-8081-ClientPoller-1" daemon [_thread_in_native, id=7664, stack(0x00000000601e0000,0x00000000602e0000)]
  0x0000000058633000 JavaThread "http-nio-8081-ClientPoller-0" daemon [_thread_in_native, id=5712, stack(0x0000000060a70000,0x0000000060b70000)]
  0x0000000058632800 JavaThread "http-nio-8081-exec-10" daemon [_thread_blocked, id=3732, stack(0x0000000060950000,0x0000000060a50000)]
  0x0000000058631800 JavaThread "http-nio-8081-exec-9" daemon [_thread_blocked, id=4844, stack(0x0000000060810000,0x0000000060910000)]
  0x0000000058631000 JavaThread "http-nio-8081-exec-8" daemon [_thread_blocked, id=3196, stack(0x0000000060700000,0x0000000060800000)]
  0x0000000058630000 JavaThread "http-nio-8081-exec-7" daemon [_thread_blocked, id=6724, stack(0x0000000060530000,0x0000000060630000)]
  0x000000005862f800 JavaThread "http-nio-8081-exec-6" daemon [_thread_blocked, id=2540, stack(0x0000000060360000,0x0000000060460000)]
  0x0000000057281800 JavaThread "http-nio-8081-exec-5" daemon [_thread_blocked, id=7868, stack(0x000000005fce0000,0x000000005fde0000)]
  0x0000000057280800 JavaThread "http-nio-8081-exec-4" daemon [_thread_blocked, id=6880, stack(0x000000005ff10000,0x0000000060010000)]
  0x0000000057280000 JavaThread "http-nio-8081-exec-3" daemon [_thread_blocked, id=1208, stack(0x0000000060090000,0x0000000060190000)]
  0x000000005727f000 JavaThread "http-nio-8081-exec-2" daemon [_thread_blocked, id=8304, stack(0x000000005fde0000,0x000000005fee0000)]
  0x000000005727e800 JavaThread "http-nio-8081-exec-1" daemon [_thread_blocked, id=5816, stack(0x000000005fbd0000,0x000000005fcd0000)]
  0x000000005727d800 JavaThread "NioBlockingSelector.BlockPoller-1" daemon [_thread_in_native, id=8412, stack(0x000000005f770000,0x000000005f870000)]
  0x000000005727d000 JavaThread "Live Reload Server" daemon [_thread_in_native, id=5580, stack(0x000000005f090000,0x000000005f190000)]
  0x000000005727c000 JavaThread "File Watcher" daemon [_thread_blocked, id=3168, stack(0x000000005f600000,0x000000005f700000)]
  0x000000005727b800 JavaThread "MVStore background writer nio:C:/Users/devi2380.KSPLAD/data/oauth2.mv.db" daemon [_thread_blocked, id=5956, stack(0x000000005f1f0000,0x000000005f2f0000)]
  0x000000005727a800 JavaThread "H2 TCP Server (tcp://172.24.33.129:57385)" daemon [_thread_in_native, id=8444, stack(0x0000000058d50000,0x0000000058e50000)]
  0x0000000058b5e000 JavaThread "H2 File Lock Watchdog C:/Users/devi2380.KSPLAD/data/oauth2.lock.db" daemon [_thread_blocked, id=6096, stack(0x000000005ed90000,0x000000005ee90000)]
  0x0000000057499000 JavaThread "container-0" [_thread_blocked, id=6856, stack(0x000000005e820000,0x000000005e920000)]
  0x000000005860f000 JavaThread "ContainerBackgroundProcessor[StandardEngine[Tomcat]]" daemon [_thread_blocked, id=6280, stack(0x000000005e6f0000,0x000000005e7f0000)]
  0x0000000056634000 JavaThread "Service Thread" daemon [_thread_blocked, id=6112, stack(0x00000000562a0000,0x00000000563a0000)]
  0x00000000565bc000 JavaThread "C1 CompilerThread2" daemon [_thread_blocked, id=7532, stack(0x0000000056ef0000,0x0000000056ff0000)]
  0x00000000565ba800 JavaThread "C2 CompilerThread1" daemon [_thread_blocked, id=8428, stack(0x0000000056de0000,0x0000000056ee0000)]
=>0x00000000565b5000 JavaThread "C2 CompilerThread0" daemon [_thread_in_native, id=5880, stack(0x0000000056c90000,0x0000000056d90000)]
  0x00000000565b0800 JavaThread "Attach Listener" daemon [_thread_blocked, id=2648, stack(0x0000000056080000,0x0000000056180000)]
  0x0000000055077000 JavaThread "Signal Dispatcher" daemon [_thread_blocked, id=3224, stack(0x0000000056b40000,0x0000000056c40000)]
  0x000000005505d000 JavaThread "Finalizer" daemon [_thread_blocked, id=7840, stack(0x00000000564b0000,0x00000000565b0000)]
  0x0000000055016000 JavaThread "Reference Handler" daemon [_thread_blocked, id=3744, stack(0x00000000563a0000,0x00000000564a0000)]

Other Threads:
  0x000000005500e000 VMThread [stack: 0x0000000056190000,0x0000000056290000] [id=6864]
  0x000000005663b000 WatcherThread [stack: 0x00000000570c0000,0x00000000571c0000] [id=5904]

VM state:not at safepoint (normal execution)

VM Mutex/Monitor currently owned by a thread: None

Heap:
 PSYoungGen      total 286720K, used 84995K [0x00000000eb380000, 0x00000000fe280000, 0x0000000100000000)
  eden space 275968K, 26% used [0x00000000eb380000,0x00000000efc05a38,0x00000000fc100000)
  from space 10752K, 99% used [0x00000000fd800000,0x00000000fe27b538,0x00000000fe280000)
  to   space 16384K, 0% used [0x00000000fc280000,0x00000000fc280000,0x00000000fd280000)
 ParOldGen       total 58368K, used 24123K [0x00000000c1a00000, 0x00000000c5300000, 0x00000000eb380000)
  object space 58368K, 41% used [0x00000000c1a00000,0x00000000c318ef50,0x00000000c5300000)
 Metaspace       used 42557K, capacity 43058K, committed 43392K, reserved 1087488K
  class space    used 5288K, capacity 5426K, committed 5504K, reserved 1048576K

Card table byte_map: [0x0000000011c70000,0x0000000011e70000] byte_map_base: 0x0000000011663000

Marking Bits: (ParMarkBitMap*) 0x000000007349a6d0
 Begin Bits: [0x0000000012550000, 0x00000000134e8000)
 End Bits:   [0x00000000134e8000, 0x0000000014480000)

Polling page: 0x0000000000360000

CodeCache: size=245760Kb used=14125Kb max_used=14274Kb free=231634Kb
 bounds [0x00000000028b0000, 0x00000000036c0000, 0x00000000118b0000]
 total_blobs=4276 nmethods=3808 adapters=380
 compilation: enabled

Compilation events (10 events):
Event: 678.043 Thread 0x00000000565bc000 4650       3       java.nio.Bits::long6 (7 bytes)
Event: 678.043 Thread 0x00000000565bc000 nmethod 4650 0x0000000002b8fd90 code [0x0000000002b8fee0, 0x0000000002b90030]
Event: 678.043 Thread 0x00000000565bc000 4651       3       java.nio.Bits::long5 (7 bytes)
Event: 678.043 Thread 0x00000000565bc000 nmethod 4651 0x0000000002b8fa90 code [0x0000000002b8fbe0, 0x0000000002b8fd30]
Event: 678.043 Thread 0x00000000565bc000 4652       3       java.nio.Bits::long4 (7 bytes)
Event: 678.043 Thread 0x00000000565bc000 nmethod 4652 0x0000000002b8f790 code [0x0000000002b8f8e0, 0x0000000002b8fa30]
Event: 678.043 Thread 0x00000000565bc000 4653       3       java.nio.Bits::long3 (7 bytes)
Event: 678.043 Thread 0x00000000565bc000 nmethod 4653 0x0000000002b8f490 code [0x0000000002b8f5e0, 0x0000000002b8f730]
Event: 678.043 Thread 0x00000000565bc000 4654       3       java.nio.Bits::long2 (7 bytes)
Event: 678.044 Thread 0x00000000565bc000 nmethod 4654 0x0000000002b8f190 code [0x0000000002b8f2e0, 0x0000000002b8f430]

GC Heap History (10 events):
Event: 10.537 GC heap before
{Heap before GC invocations=10 (full 1):
 PSYoungGen      total 136704K, used 130048K [0x00000000eb380000, 0x00000000f4280000, 0x0000000100000000)
  eden space 130048K, 100% used [0x00000000eb380000,0x00000000f3280000,0x00000000f3280000)
  from space 6656K, 0% used [0x00000000f3a00000,0x00000000f3a00000,0x00000000f4080000)
  to   space 7680K, 0% used [0x00000000f3280000,0x00000000f3280000,0x00000000f3a00000)
 ParOldGen       total 33792K, used 8920K [0x00000000c1a00000, 0x00000000c3b00000, 0x00000000eb380000)
  object space 33792K, 26% used [0x00000000c1a00000,0x00000000c22b6078,0x00000000c3b00000)
 Metaspace       used 28501K, capacity 28862K, committed 28928K, reserved 1075200K
  class space    used 3503K, capacity 3580K, committed 3584K, reserved 1048576K
Event: 10.578 GC heap after
Heap after GC invocations=10 (full 1):
 PSYoungGen      total 137728K, used 7648K [0x00000000eb380000, 0x00000000f8180000, 0x0000000100000000)
  eden space 130048K, 0% used [0x00000000eb380000,0x00000000eb380000,0x00000000f3280000)
  from space 7680K, 99% used [0x00000000f3280000,0x00000000f39f8310,0x00000000f3a00000)
  to   space 11264K, 0% used [0x00000000f7680000,0x00000000f7680000,0x00000000f8180000)
 ParOldGen       total 33792K, used 15723K [0x00000000c1a00000, 0x00000000c3b00000, 0x00000000eb380000)
  object space 33792K, 46% used [0x00000000c1a00000,0x00000000c295ac88,0x00000000c3b00000)
 Metaspace       used 28501K, capacity 28862K, committed 28928K, reserved 1075200K
  class space    used 3503K, capacity 3580K, committed 3584K, reserved 1048576K
}
Event: 18.411 GC heap before
{Heap before GC invocations=11 (full 1):
 PSYoungGen      total 137728K, used 137696K [0x00000000eb380000, 0x00000000f8180000, 0x0000000100000000)
  eden space 130048K, 100% used [0x00000000eb380000,0x00000000f3280000,0x00000000f3280000)
  from space 7680K, 99% used [0x00000000f3280000,0x00000000f39f8310,0x00000000f3a00000)
  to   space 11264K, 0% used [0x00000000f7680000,0x00000000f7680000,0x00000000f8180000)
 ParOldGen       total 33792K, used 15723K [0x00000000c1a00000, 0x00000000c3b00000, 0x00000000eb380000)
  object space 33792K, 46% used [0x00000000c1a00000,0x00000000c295ac88,0x00000000c3b00000)
 Metaspace       used 34480K, capacity 34930K, committed 35072K, reserved 1079296K
  class space    used 4204K, capacity 4330K, committed 4352K, reserved 1048576K
Event: 18.431 GC heap after
Heap after GC invocations=11 (full 1):
 PSYoungGen      total 195584K, used 11244K [0x00000000eb380000, 0x00000000f8580000, 0x0000000100000000)
  eden space 184320K, 0% used [0x00000000eb380000,0x00000000eb380000,0x00000000f6780000)
  from space 11264K, 99% used [0x00000000f7680000,0x00000000f817b340,0x00000000f8180000)
  to   space 15360K, 0% used [0x00000000f6780000,0x00000000f6780000,0x00000000f7680000)
 ParOldGen       total 33792K, used 22258K [0x00000000c1a00000, 0x00000000c3b00000, 0x00000000eb380000)
  object space 33792K, 65% used [0x00000000c1a00000,0x00000000c2fbcac0,0x00000000c3b00000)
 Metaspace       used 34480K, capacity 34930K, committed 35072K, reserved 1079296K
  class space    used 4204K, capacity 4330K, committed 4352K, reserved 1048576K
}
Event: 18.594 GC heap before
{Heap before GC invocations=12 (full 1):
 PSYoungGen      total 195584K, used 29981K [0x00000000eb380000, 0x00000000f8580000, 0x0000000100000000)
  eden space 184320K, 10% used [0x00000000eb380000,0x00000000ec5cc410,0x00000000f6780000)
  from space 11264K, 99% used [0x00000000f7680000,0x00000000f817b340,0x00000000f8180000)
  to   space 15360K, 0% used [0x00000000f6780000,0x00000000f6780000,0x00000000f7680000)
 ParOldGen       total 33792K, used 22258K [0x00000000c1a00000, 0x00000000c3b00000, 0x00000000eb380000)
  object space 33792K, 65% used [0x00000000c1a00000,0x00000000c2fbcac0,0x00000000c3b00000)
 Metaspace       used 34888K, capacity 35268K, committed 35496K, reserved 1081344K
  class space    used 4257K, capacity 4397K, committed 4480K, reserved 1048576K
Event: 18.627 GC heap after
Heap after GC invocations=12 (full 1):
 PSYoungGen      total 199680K, used 977K [0x00000000eb380000, 0x00000000fe700000, 0x0000000100000000)
  eden space 184320K, 0% used [0x00000000eb380000,0x00000000eb380000,0x00000000f6780000)
  from space 15360K, 6% used [0x00000000f6780000,0x00000000f6874460,0x00000000f7680000)
  to   space 15360K, 0% used [0x00000000fd800000,0x00000000fd800000,0x00000000fe700000)
 ParOldGen       total 33792K, used 33386K [0x00000000c1a00000, 0x00000000c3b00000, 0x00000000eb380000)
  object space 33792K, 98% used [0x00000000c1a00000,0x00000000c3a9a930,0x00000000c3b00000)
 Metaspace       used 34888K, capacity 35268K, committed 35496K, reserved 1081344K
  class space    used 4257K, capacity 4397K, committed 4480K, reserved 1048576K
}
Event: 18.627 GC heap before
{Heap before GC invocations=13 (full 2):
 PSYoungGen      total 199680K, used 977K [0x00000000eb380000, 0x00000000fe700000, 0x0000000100000000)
  eden space 184320K, 0% used [0x00000000eb380000,0x00000000eb380000,0x00000000f6780000)
  from space 15360K, 6% used [0x00000000f6780000,0x00000000f6874460,0x00000000f7680000)
  to   space 15360K, 0% used [0x00000000fd800000,0x00000000fd800000,0x00000000fe700000)
 ParOldGen       total 33792K, used 33386K [0x00000000c1a00000, 0x00000000c3b00000, 0x00000000eb380000)
  object space 33792K, 98% used [0x00000000c1a00000,0x00000000c3a9a930,0x00000000c3b00000)
 Metaspace       used 34888K, capacity 35268K, committed 35496K, reserved 1081344K
  class space    used 4257K, capacity 4397K, committed 4480K, reserved 1048576K
Event: 18.738 GC heap after
Heap after GC invocations=13 (full 2):
 PSYoungGen      total 199680K, used 0K [0x00000000eb380000, 0x00000000fe700000, 0x0000000100000000)
  eden space 184320K, 0% used [0x00000000eb380000,0x00000000eb380000,0x00000000f6780000)
  from space 15360K, 0% used [0x00000000f6780000,0x00000000f6780000,0x00000000f7680000)
  to   space 15360K, 0% used [0x00000000fd800000,0x00000000fd800000,0x00000000fe700000)
 ParOldGen       total 58368K, used 24115K [0x00000000c1a00000, 0x00000000c5300000, 0x00000000eb380000)
  object space 58368K, 41% used [0x00000000c1a00000,0x00000000c318cf50,0x00000000c5300000)
 Metaspace       used 34888K, capacity 35268K, committed 35496K, reserved 1081344K
  class space    used 4257K, capacity 4397K, committed 4480K, reserved 1048576K
}
Event: 115.345 GC heap before
{Heap before GC invocations=14 (full 2):
 PSYoungGen      total 199680K, used 184320K [0x00000000eb380000, 0x00000000fe700000, 0x0000000100000000)
  eden space 184320K, 100% used [0x00000000eb380000,0x00000000f6780000,0x00000000f6780000)
  from space 15360K, 0% used [0x00000000f6780000,0x00000000f6780000,0x00000000f7680000)
  to   space 15360K, 0% used [0x00000000fd800000,0x00000000fd800000,0x00000000fe700000)
 ParOldGen       total 58368K, used 24115K [0x00000000c1a00000, 0x00000000c5300000, 0x00000000eb380000)
  object space 58368K, 41% used [0x00000000c1a00000,0x00000000c318cf50,0x00000000c5300000)
 Metaspace       used 42388K, capacity 42900K, committed 43136K, reserved 1087488K
  class space    used 5277K, capacity 5421K, committed 5504K, reserved 1048576K
Event: 115.376 GC heap after
Heap after GC invocations=14 (full 2):
 PSYoungGen      total 286720K, used 10733K [0x00000000eb380000, 0x00000000fe280000, 0x0000000100000000)
  eden space 275968K, 0% used [0x00000000eb380000,0x00000000eb380000,0x00000000fc100000)
  from space 10752K, 99% used [0x00000000fd800000,0x00000000fe27b538,0x00000000fe280000)
  to   space 16384K, 0% used [0x00000000fc280000,0x00000000fc280000,0x00000000fd280000)
 ParOldGen       total 58368K, used 24123K [0x00000000c1a00000, 0x00000000c5300000, 0x00000000eb380000)
  object space 58368K, 41% used [0x00000000c1a00000,0x00000000c318ef50,0x00000000c5300000)
 Metaspace       used 42388K, capacity 42900K, committed 43136K, reserved 1087488K
  class space    used 5277K, capacity 5421K, committed 5504K, reserved 1048576K
}

Deoptimization events (10 events):
Event: 20.874 Thread 0x0000000057704800 Uncommon trap: reason=unstable_if action=reinterpret pc=0x0000000002ebf488 method=org.springframework.util.ConcurrentReferenceHashMap$Segment.restructureIfNecessary(Z)V @ 33
Event: 40.460 Thread 0x000000005727b800 Uncommon trap: reason=unstable_if action=reinterpret pc=0x000000000361ef8c method=org.h2.mvstore.MVStore.canOverwriteChunk(Lorg/h2/mvstore/Chunk;J)Z @ 47
Event: 108.881 Thread 0x000000005727e800 Uncommon trap: reason=unstable_if action=reinterpret pc=0x00000000035d6bc4 method=java.nio.Buffer.<init>(IIII)V @ 66
Event: 109.703 Thread 0x000000005727e800 Uncommon trap: reason=null_check action=make_not_entrant pc=0x00000000035bf3d0 method=org.springframework.core.annotation.AnnotatedElementUtils.searchWithFindSemantics(Ljava/lang/reflect/AnnotatedElement;Ljava/lang/Class;Ljava/lang/String;Ljava/lang/Class;ð×Gx[@
Event: 109.879 Thread 0x000000005727e800 Uncommon trap: reason=unstable_if action=reinterpret pc=0x0000000003589310 method=java.lang.Long.valueOf(J)Ljava/lang/Long; @ 5
Event: 109.940 Thread 0x000000005727e800 Uncommon trap: reason=unstable_if action=reinterpret pc=0x00000000035b1068 method=org.h2.mvstore.Page.create(Lorg/h2/mvstore/MVMap;J[Ljava/lang/Object;[Ljava/lang/Object;[Lorg/h2/mvstore/Page$PageReference;JI)Lorg/h2/mvstore/Page; @ 40
Event: 110.956 Thread 0x000000005727b800 Uncommon trap: reason=unstable_if action=reinterpret pc=0x0000000003626f1c method=org.h2.mvstore.MVMap.rewrite(Lorg/h2/mvstore/Page;Ljava/util/Set;)I @ 130
Event: 660.882 Thread 0x0000000057280000 Uncommon trap: reason=unstable_if action=reinterpret pc=0x00000000035db898 method=java.nio.Buffer.<init>(IIII)V @ 66
Event: 669.546 Thread 0x0000000057280800 Uncommon trap: reason=null_check action=make_not_entrant pc=0x000000000347c0d0 method=java.lang.Class.createAnnotationData(I)Ljava/lang/Class$AnnotationData; @ 14
Event: 669.546 Thread 0x0000000057280800 Uncommon trap: reason=null_check action=make_not_entrant pc=0x000000000341aa40 method=org.springframework.core.annotation.AnnotationUtils.findAnnotation(Ljava/lang/Class;Ljava/lang/Class;Ljava/util/Set;)Ljava/lang/annotation/Annotation; @ 182

Internal exceptions (10 events):
Event: 109.893 Thread 0x000000005727e800 Exception <a 'java/lang/NoSuchMethodError': <clinit>> (0x00000000f5e40cc8) thrown at [C:\re\workspace\8-2-build-windows-amd64-cygwin\jdk8u101\7261\hotspot\src\share\vm\prims\jni.cpp, line 1613]
Event: 109.994 Thread 0x000000005727e800 Exception <a 'java/lang/ClassNotFoundException': java/lang/ObjectCustomizer> (0x00000000f616a548) thrown at [C:\re\workspace\8-2-build-windows-amd64-cygwin\jdk8u101\7261\hotspot\src\share\vm\classfile\systemDictionary.cpp, line 210]
Event: 109.996 Thread 0x000000005727e800 Exception <a 'java/lang/ClassNotFoundException': com/fasterxml/jackson/databind/JsonSerializerCustomizer> (0x00000000f61871c8) thrown at [C:\re\workspace\8-2-build-windows-amd64-cygwin\jdk8u101\7261\hotspot\src\share\vm\classfile\systemDictionary.cpp, lineh*/YÏ[@
Event: 109.997 Thread 0x000000005727e800 Exception <a 'java/lang/ClassNotFoundException': com/fasterxml/jackson/databind/ser/std/StdSerializerCustomizer> (0x00000000f61b4780) thrown at [C:\re\workspace\8-2-build-windows-amd64-cygwin\jdk8u101\7261\hotspot\src\share\vm\classfile\systemDictionary.cpy«à ß[@
Event: 109.998 Thread 0x000000005727e800 Exception <a 'java/lang/ClassNotFoundException': org/springframework/security/oauth2/common/OAuth2AccessTokenJackson2SerializerCustomizer> (0x00000000f61e0e50) thrown at [C:\re\workspace\8-2-build-windows-amd64-cygwin\jdk8u101\7261\hotspot\src\share\vm\cla‘§óñ[@
Event: 109.999 Thread 0x000000005727e800 Exception <a 'java/lang/ClassNotFoundException': com/fasterxml/jackson/databind/jsonFormatVisitors/JsonFormatVisitableCustomizer> (0x00000000f6208cf0) thrown at [C:\re\workspace\8-2-build-windows-amd64-cygwin\jdk8u101\7261\hotspot\src\share\vm\classfile\syæa…ÿ[@
Event: 110.000 Thread 0x000000005727e800 Exception <a 'java/lang/ClassNotFoundException': com/fasterxml/jackson/databind/jsonschema/SchemaAwareCustomizer> (0x00000000f6224d90) thrown at [C:\re\workspace\8-2-build-windows-amd64-cygwin\jdk8u101\7261\hotspot\src\share\vm\classfile\systemDictionary.c­KÇ&	€[@
Event: 110.001 Thread 0x000000005727e800 Exception <a 'java/lang/ClassNotFoundException': java/io/SerializableCustomizer> (0x00000000f6233070) thrown at [C:\re\workspace\8-2-build-windows-amd64-cygwin\jdk8u101\7261\hotspot\src\share\vm\classfile\systemDictionary.cpp, line 210]
Event: 110.001 Thread 0x000000005727e800 Exception <a 'java/lang/ClassNotFoundException': com/fasterxml/jackson/databind/jsonFormatVisitors/JsonFormatVisitableCustomizer> (0x00000000f62517f8) thrown at [C:\re\workspace\8-2-build-windows-amd64-cygwin\jdk8u101\7261\hotspot\src\share\vm\classfile\sy.ƒæLª„@
Event: 661.287 Thread 0x0000000057280000 Exception <a 'java/lang/NoSuchMethodError': <clinit>> (0x00000000ee6e8940) thrown at [C:\re\workspace\8-2-build-windows-amd64-cygwin\jdk8u101\7261\hotspot\src\share\vm\prims\jni.cpp, line 1613]

Events (10 events):
Event: 669.546 Thread 0x0000000057280800 Uncommon trap: trap_request=0xfffffff4 fr.pc=0x000000000347c0d0
Event: 669.546 Thread 0x0000000057280800 DEOPT PACKING pc=0x000000000347c0d0 sp=0x000000006000be70
Event: 669.546 Thread 0x0000000057280800 DEOPT UNPACKING pc=0x00000000028f582a sp=0x000000006000bd48 mode 2
Event: 669.546 Thread 0x0000000057280800 Uncommon trap: trap_request=0xfffffff4 fr.pc=0x000000000341aa40
Event: 669.546 Thread 0x0000000057280800 DEOPT PACKING pc=0x000000000341aa40 sp=0x000000006000bee0
Event: 669.554 Thread 0x0000000057280800 DEOPT UNPACKING pc=0x00000000028f582a sp=0x000000006000bf00 mode 2
Event: 677.960 Executing VM operation: RevokeBias
Event: 677.994 Executing VM operation: RevokeBias done
Event: 678.018 Executing VM operation: RevokeBias
Event: 678.040 Executing VM operation: RevokeBias done


Dynamic libraries:
0x000000013fdf0000 - 0x000000013fe27000 	C:\Program Files\Java\jdk1.8.0_101\jre\bin\java.exe
0x0000000077b10000 - 0x0000000077cb9000 	C:\Windows\SYSTEM32\ntdll.dll
0x00000000778f0000 - 0x0000000077a0f000 	C:\Windows\system32\kernel32.dll
0x000007fefdb50000 - 0x000007fefdbbb000 	C:\Windows\system32\KERNELBASE.dll
0x000007fefe090000 - 0x000007fefe16b000 	C:\Windows\system32\ADVAPI32.dll
0x000007fefe940000 - 0x000007fefe9df000 	C:\Windows\system32\msvcrt.dll
0x000007fefeab0000 - 0x000007fefeacf000 	C:\Windows\SYSTEM32\sechost.dll
0x000007fefec80000 - 0x000007fefedad000 	C:\Windows\system32\RPCRT4.dll
0x0000000077a10000 - 0x0000000077b0a000 	C:\Windows\system32\USER32.dll
0x000007fefe8d0000 - 0x000007fefe937000 	C:\Windows\system32\GDI32.dll
0x000007fefdf40000 - 0x000007fefdf4e000 	C:\Windows\system32\LPK.dll
0x000007fefe9e0000 - 0x000007fefeaa9000 	C:\Windows\system32\USP10.dll
0x000007fefc430000 - 0x000007fefc624000 	C:\Windows\WinSxS\amd64_microsoft.windows.common-controls_6595b64144ccf1df_6.0.7601.17514_none_fa396087175ac9ac\COMCTL32.dll
0x000007feff010000 - 0x000007feff081000 	C:\Windows\system32\SHLWAPI.dll
0x000007fefe820000 - 0x000007fefe84e000 	C:\Windows\system32\IMM32.DLL
0x000007fefde30000 - 0x000007fefdf39000 	C:\Windows\system32\MSCTF.dll
0x0000000075800000 - 0x0000000075839000 	C:\PROGRA~2\Sophos\SOPHOS~1\SOPHOS~2.DLL
0x0000000077ce0000 - 0x0000000077ce7000 	C:\Windows\system32\PSAPI.DLL
0x0000000073790000 - 0x0000000073862000 	C:\Program Files\Java\jdk1.8.0_101\jre\bin\msvcr100.dll
0x0000000072c80000 - 0x000000007351a000 	C:\Program Files\Java\jdk1.8.0_101\jre\bin\server\jvm.dll
0x000007fefa5b0000 - 0x000007fefa5b9000 	C:\Windows\system32\WSOCK32.dll
0x000007fefeb70000 - 0x000007fefebbd000 	C:\Windows\system32\WS2_32.dll
0x000007fefe080000 - 0x000007fefe088000 	C:\Windows\system32\NSI.dll
0x000007fefb7c0000 - 0x000007fefb7fb000 	C:\Windows\system32\WINMM.dll
0x000007fefcc00000 - 0x000007fefcc0c000 	C:\Windows\system32\VERSION.dll
0x0000000072c70000 - 0x0000000072c7f000 	C:\Program Files\Java\jdk1.8.0_101\jre\bin\verify.dll
0x0000000072c40000 - 0x0000000072c69000 	C:\Program Files\Java\jdk1.8.0_101\jre\bin\java.dll
0x0000000072c20000 - 0x0000000072c36000 	C:\Program Files\Java\jdk1.8.0_101\jre\bin\zip.dll
0x000007feff090000 - 0x000007feffe18000 	C:\Windows\system32\SHELL32.dll
0x000007fefe250000 - 0x000007fefe453000 	C:\Windows\system32\ole32.dll
0x000007fefda60000 - 0x000007fefda6f000 	C:\Windows\system32\profapi.dll
0x00000000721d0000 - 0x00000000721dd000 	C:\Program Files\Java\jdk1.8.0_101\jre\bin\management.dll
0x0000000072200000 - 0x000000007221a000 	C:\Program Files\Java\jdk1.8.0_101\jre\bin\net.dll
0x000007fefcc10000 - 0x000007fefcc40000 	C:\ProgramData\Sophos\Web Intelligence\swi_ifslsp_64.dll
0x000007fefd290000 - 0x000007fefd2e5000 	C:\Windows\system32\mswsock.dll
0x000007fefd280000 - 0x000007fefd287000 	C:\Windows\System32\wship6.dll
0x000007fefb960000 - 0x000007fefb975000 	C:\Windows\system32\NLAapi.dll
0x000007fefa910000 - 0x000007fefa925000 	C:\Windows\system32\napinsp.dll
0x000007fefa8b0000 - 0x000007fefa8c9000 	C:\Windows\system32\pnrpnsp.dll
0x000007fefd110000 - 0x000007fefd16b000 	C:\Windows\system32\DNSAPI.dll
0x000007fefa880000 - 0x000007fefa88b000 	C:\Windows\System32\winrnr.dll
0x000007fefae30000 - 0x000007fefae5f000 	C:\Program Files\Common Files\Microsoft Shared\Windows Live\WLIDNSP.DLL
0x000007fefcbe0000 - 0x000007fefcbe7000 	C:\Windows\System32\wshtcpip.dll
0x000007fefc950000 - 0x000007fefc977000 	C:\Windows\system32\IPHLPAPI.DLL
0x000007fefcbf0000 - 0x000007fefcbfb000 	C:\Windows\system32\WINNSI.DLL
0x000007fefae20000 - 0x000007fefae28000 	C:\Windows\system32\rasadhlp.dll
0x000007fefb3b0000 - 0x000007fefb403000 	C:\Windows\System32\fwpuclnt.dll
0x00000000721e0000 - 0x00000000721f1000 	C:\Program Files\Java\jdk1.8.0_101\jre\bin\nio.dll
0x000007fefd2f0000 - 0x000007fefd307000 	C:\Windows\system32\CRYPTSP.dll
0x000007fefcff0000 - 0x000007fefd037000 	C:\Windows\system32\rsaenh.dll
0x000007fefcd40000 - 0x000007fefcd5e000 	C:\Windows\system32\USERENV.dll
0x000007fefd950000 - 0x000007fefd95f000 	C:\Windows\system32\CRYPTBASE.dll
0x000007fefb460000 - 0x000007fefb471000 	C:\Windows\system32\dhcpcsvc6.DLL
0x000007fefb410000 - 0x000007fefb428000 	C:\Windows\system32\dhcpcsvc.DLL

VM Arguments:
java_command: org.kumaran.config.AuthorizationServerApplication
java_class_path (initial): D:\springboot\democode\openshift-origin-demo-server\src\main\resources;D:\springboot\democode\openshift-origin-demo-server\src\main\resources;D:\springboot\democode\openshift-origin-demo-server\target\classes;C:\Users\devi2380.KSPLAD\.m2\repository\org\springframework\boot\spring-boot-starter-web\1.5.8.RELEASE\spring-boot-starter-web-1.5.8.RELEASE.jar;C:\Users\devi2380.KSPLAD\.m2\repository\org\springframework\boot\spring-boot-starter\1.5.8.RELEASE\spring-boot-starter-1.5.8.RELEASE.jar;C:\Users\devi2380.KSPLAD\.m2\repository\org\springframework\boot\spring-boot-starter-logging\1.5.8.RELEASE\spring-boot-starter-logging-1.5.8.RELEASE.jar;C:\Users\devi2380.KSPLAD\.m2\repository\ch\qos\logback\logback-classic\1.1.11\logback-classic-1.1.11.jar;C:\Users\devi2380.KSPLAD\.m2\repository\ch\qos\logback\logback-core\1.1.11\logback-core-1.1.11.jar;C:\Users\devi2380.KSPLAD\.m2\repository\org\slf4j\jcl-over-slf4j\1.7.25\jcl-over-slf4j-1.7.25.jar;C:\Users\devi2380.KSPLAD\.m2\repository\org\slf4j\jul-to-slf4j\1.7.25\jul-to-slf4j-1.7.25.jar;C:\Users\devi2380.KSPLAD\.m2\repository\org\slf4j\log4j-over-slf4j\1.7.25\log4j-over-slf4j-1.7.25.jar;C:\Users\devi2380.KSPLAD\.m2\repository\org\yaml\snakeyaml\1.17\snakeyaml-1.17.jar;C:\Users\devi2380.KSPLAD\.m2\repository\org\springframework\boot\spring-boot-starter-tomcat\1.5.8.RELEASE\spring-boot-starter-tomcat-1.5.8.RELEASE.jar;C:\Users\devi2380.KSPLAD\.m2\repository\org\apache\tomcat\embed\tomcat-embed-core\8.5.23\tomcat-embed-core-8.5.23.jar;C:\Users\devi2380.KSPLAD\.m2\repository\org\apache\tomcat\tomcat-annotations-api\8.5.23\tomcat-annotations-api-8.5.23.jar;C:\Users\devi2380.KSPLAD\.m2\repository\org\apache\tomcat\embed\tomcat-embed-el\8.5.23\tomcat-embed-el-8.5.23.jar;C:\Users\devi2380.KSPLAD\.m2\repository\org\apache\tomcat\embed\tomcat-embed-websocket\8.5.23\tomcat-embed-websocket-8.5.23.jar;C:\Users\devi2380.KSPLAD\.m2\repository\org\hibernate\hibernate-validator\5.3.5.Final\hibernate-validator-5.3.5.F
Launcher Type: SUN_STANDARD

Environment Variables:
JAVA_HOME=C:\Program Files\Java\jdk1.8.0_101
PATH=C:\Program Files (x86)\Microsoft SDKs\Azure\CLI2\wbin;C:\Program Files\Java\jdk1.8.0_101\bin;D:\softwares\apache-maven-3.3.9\bin;C:\Windows\System32\WindowsPowerShell\v1.0\;C:\Program Files\Microsoft SQL Server\130\Tools\Binn\;C:\Program Files (x86)\Microsoft SQL Server\110\Tools\Binn\;C:\Program Files\Microsoft SQL Server\110\Tools\Binn\;C:\Program Files\Microsoft SQL Server\110\DTS\Binn\;C:\Program Files (x86)\Microsoft SQL Server\110\Tools\Binn\ManagementStudio\;C:\Program Files (x86)\Microsoft SQL Server\110\DTS\Binn\;C:\Program Files\Git\cmd;C:\Program Files\nodejs\;C:\Windows\System32;C:\Python27;C:\Users\devi2380.KSPLAD\AppData\Roaming\npm;;C:\Program Files (x86)\Microsoft VS Code\bin
USERNAME=devi2380
OS=Windows_NT
PROCESSOR_IDENTIFIER=Intel64 Family 6 Model 58 Stepping 9, GenuineIntel



---------------  S Y S T E M  ---------------

OS: Windows 7 , 64 bit Build 7601 (6.1.7601.18015)

CPU:total 4 (2 cores per cpu, 2 threads per core) family 6 model 58 stepping 9, cmov, cx8, fxsr, mmx, sse, sse2, sse3, ssse3, sse4.1, sse4.2, popcnt, avx, clmul, erms, ht, tsc, tscinvbit, tscinv

Memory: 4k page, physical 4084768k(249764k free), swap 8277208k(6292k free)

vm_info: Java HotSpot(TM) 64-Bit Server VM (25.101-b13) for windows-amd64 JRE (1.8.0_101-b13), built on Jun 22 2016 01:21:29 by "java_re" with MS VC++ 10.0 (VS2010)

time: Fri Dec 22 13:15:24 2017
elapsed time: 678 seconds (0d 0h 11m 18s)

