#
# There is insufficient memory for the Java Runtime Environment to continue.
# Native memory allocation (malloc) failed to allocate 868816 bytes for Chunk::new
# Possible reasons:
#   The system is out of physical RAM or swap space
#   In 32 bit mode, the process size limit was hit
# Possible solutions:
#   Reduce memory load on the system
#   Increase physical memory or swap space
#   Check if swap backing store is full
#   Use 64 bit Java on a 64 bit OS
#   Decrease Java heap size (-Xmx/-Xms)
#   Decrease number of Java threads
#   Decrease Java thread stack sizes (-Xss)
#   Set larger code cache with -XX:ReservedCodeCacheSize=
# This output file may be truncated or incomplete.
#
#  Out of Memory Error (allocation.cpp:390), pid=8056, tid=0x000000000000165c
#
# JRE version: Java(TM) SE Runtime Environment (8.0_101-b13) (build 1.8.0_101-b13)
# Java VM: Java HotSpot(TM) 64-Bit Server VM (25.101-b13 mixed mode windows-amd64 compressed oops)
# Failed to write core dump. Minidumps are not enabled by default on client versions of Windows
#

---------------  T H R E A D  ---------------

Current thread (0x00000000564b4800):  JavaThread "C2 CompilerThread0" daemon [_thread_in_native, id=5724, stack(0x0000000056da0000,0x0000000056ea0000)]

Stack: [0x0000000056da0000,0x0000000056ea0000]
[error occurred during error reporting (printing stack bounds), id 0xc0000005]

Native frames: (J=compiled Java code, j=interpreted, Vv=VM code, C=native code)


Current CompileTask:
C2:  33371 3997       4       org.springframework.util.ReflectionUtils::findMethod (111 bytes)


---------------  P R O C E S S  ---------------

Java Threads: ( => current thread )
  0x0000000059dce800 JavaThread "DestroyJavaVM" [_thread_blocked, id=8172, stack(0x0000000002780000,0x0000000002880000)]
  0x0000000059dcd800 JavaThread "http-nio-8081-AsyncTimeout" daemon [_thread_blocked, id=3184, stack(0x0000000060710000,0x0000000060810000)]
  0x0000000059dcc800 JavaThread "http-nio-8081-Acceptor-0" daemon [_thread_in_native, id=6192, stack(0x0000000060b20000,0x0000000060c20000)]
  0x0000000059dcc000 JavaThread "http-nio-8081-ClientPoller-1" daemon [_thread_in_native, id=7904, stack(0x0000000060950000,0x0000000060a50000)]
  0x0000000059dcb000 JavaThread "http-nio-8081-ClientPoller-0" daemon [_thread_in_native, id=4300, stack(0x0000000060820000,0x0000000060920000)]
  0x0000000059dca800 JavaThread "http-nio-8081-exec-10" daemon [_thread_blocked, id=6764, stack(0x0000000060060000,0x0000000060160000)]
  0x0000000059dc9800 JavaThread "http-nio-8081-exec-9" daemon [_thread_blocked, id=5960, stack(0x0000000060440000,0x0000000060540000)]
  0x0000000059dc9000 JavaThread "http-nio-8081-exec-8" daemon [_thread_blocked, id=3192, stack(0x0000000060580000,0x0000000060680000)]
  0x0000000059dc8000 JavaThread "http-nio-8081-exec-7" daemon [_thread_blocked, id=9184, stack(0x0000000060340000,0x0000000060440000)]
  0x0000000059e91800 JavaThread "http-nio-8081-exec-6" daemon [_thread_blocked, id=7100, stack(0x0000000060190000,0x0000000060290000)]
  0x0000000059e90800 JavaThread "http-nio-8081-exec-5" daemon [_thread_blocked, id=6812, stack(0x000000005ff30000,0x0000000060030000)]
  0x0000000059e90000 JavaThread "http-nio-8081-exec-4" daemon [_thread_blocked, id=6580, stack(0x000000005fa40000,0x000000005fb40000)]
  0x0000000059e8f000 JavaThread "http-nio-8081-exec-3" daemon [_thread_blocked, id=5304, stack(0x000000005fe20000,0x000000005ff20000)]
  0x0000000059e8e800 JavaThread "http-nio-8081-exec-2" daemon [_thread_blocked, id=8040, stack(0x000000005fcb0000,0x000000005fdb0000)]
  0x0000000059e8d800 JavaThread "http-nio-8081-exec-1" daemon [_thread_blocked, id=7628, stack(0x00000000591a0000,0x00000000592a0000)]
  0x0000000059e8d000 JavaThread "NioBlockingSelector.BlockPoller-1" daemon [_thread_in_native, id=5852, stack(0x000000005fb90000,0x000000005fc90000)]
  0x0000000059e8c000 JavaThread "Live Reload Server" daemon [_thread_in_native, id=6276, stack(0x000000005e880000,0x000000005e980000)]
  0x0000000059e8b800 JavaThread "File Watcher" daemon [_thread_blocked, id=7468, stack(0x000000005f920000,0x000000005fa20000)]
  0x0000000059e8a800 JavaThread "MVStore background writer nio:C:/Users/devi2380.KSPLAD/data/oauth2.mv.db" daemon [_thread_blocked, id=5012, stack(0x000000005f410000,0x000000005f510000)]
  0x000000005799c800 JavaThread "H2 TCP Server (tcp://172.24.33.129:60567)" daemon [_thread_in_native, id=7396, stack(0x000000005f250000,0x000000005f350000)]
  0x0000000058451000 JavaThread "H2 File Lock Watchdog C:/Users/devi2380.KSPLAD/data/oauth2.lock.db" daemon [_thread_blocked, id=7872, stack(0x000000005eef0000,0x000000005eff0000)]
  0x00000000584b4000 JavaThread "container-0" [_thread_blocked, id=6784, stack(0x000000005eb00000,0x000000005ec00000)]
  0x0000000057515000 JavaThread "ContainerBackgroundProcessor[StandardEngine[Tomcat]]" daemon [_thread_blocked, id=8020, stack(0x000000005e980000,0x000000005ea80000)]
  0x000000005732d000 JavaThread "localhost-startStop-1" daemon [_thread_blocked, id=8752, stack(0x000000005e760000,0x000000005e860000)]
  0x000000005a202000 JavaThread "Tomcat-startStop-1" daemon [_thread_blocked, id=6360, stack(0x000000005e580000,0x000000005e680000)]
  0x00000000551fc000 JavaThread "Service Thread" daemon [_thread_blocked, id=2980, stack(0x0000000056ec0000,0x0000000056fc0000)]
  0x00000000564b8000 JavaThread "C1 CompilerThread2" daemon [_thread_blocked, id=2360, stack(0x0000000056fd0000,0x00000000570d0000)]
  0x00000000564b7000 JavaThread "C2 CompilerThread1" daemon [_thread_in_native, id=6920, stack(0x0000000056b30000,0x0000000056c30000)]
=>0x00000000564b4800 JavaThread "C2 CompilerThread0" daemon [_thread_in_native, id=5724, stack(0x0000000056da0000,0x0000000056ea0000)]
  0x00000000564b0800 JavaThread "Attach Listener" daemon [_thread_blocked, id=7156, stack(0x0000000056c30000,0x0000000056d30000)]
  0x00000000551f9000 JavaThread "Signal Dispatcher" daemon [_thread_blocked, id=1708, stack(0x0000000056940000,0x0000000056a40000)]
  0x00000000551dd000 JavaThread "Finalizer" daemon [_thread_blocked, id=7048, stack(0x00000000563b0000,0x00000000564b0000)]
  0x0000000055195800 JavaThread "Reference Handler" daemon [_thread_blocked, id=2804, stack(0x0000000056220000,0x0000000056320000)]

Other Threads:
  0x000000005518e000 VMThread [stack: 0x0000000056110000,0x0000000056210000] [id=8928]
  0x0000000056565800 WatcherThread [stack: 0x00000000570d0000,0x00000000571d0000] [id=7716]

VM state:not at safepoint (normal execution)

VM Mutex/Monitor currently owned by a thread: None

Heap:
 PSYoungGen      total 259584K, used 127906K [0x00000000eb380000, 0x0000000100000000, 0x0000000100000000)
  eden space 242176K, 52% used [0x00000000eb380000,0x00000000f30689a0,0x00000000fa000000)
  from space 17408K, 0% used [0x00000000fa000000,0x00000000fa000000,0x00000000fb100000)
  to   space 18432K, 0% used [0x00000000fee00000,0x00000000fee00000,0x0000000100000000)
 ParOldGen       total 52224K, used 23563K [0x00000000c1a00000, 0x00000000c4d00000, 0x00000000eb380000)
  object space 52224K, 45% used [0x00000000c1a00000,0x00000000c3102f00,0x00000000c4d00000)
 Metaspace       used 38689K, capacity 39092K, committed 39552K, reserved 1083392K
  class space    used 4825K, capacity 4947K, committed 4992K, reserved 1048576K

Card table byte_map: [0x0000000011f10000,0x0000000012110000] byte_map_base: 0x0000000011903000

Marking Bits: (ParMarkBitMap*) 0x000000007349a6d0
 Begin Bits: [0x00000000126d0000, 0x0000000013668000)
 End Bits:   [0x0000000013668000, 0x0000000014600000)

Polling page: 0x0000000000250000

CodeCache: size=245760Kb used=13299Kb max_used=13299Kb free=232461Kb
 bounds [0x0000000002b50000, 0x0000000003860000, 0x0000000011b50000]
 total_blobs=3976 nmethods=3518 adapters=369
 compilation: enabled

Compilation events (10 events):
Event: 33.094 Thread 0x00000000564b8000 nmethod 4095 0x0000000003855490 code [0x00000000038555e0, 0x00000000038556f0]
Event: 33.094 Thread 0x00000000564b8000 4096       2       org.h2.mvstore.Cursor::next (54 bytes)
Event: 33.094 Thread 0x00000000564b8000 nmethod 4096 0x0000000003855750 code [0x00000000038558c0, 0x0000000003855ad8]
Event: 33.244 Thread 0x00000000564b8000 4097       2       java.nio.ByteBuffer::allocate (22 bytes)
Event: 33.244 Thread 0x00000000564b8000 nmethod 4097 0x0000000003855bd0 code [0x0000000003855d40, 0x0000000003856038]
Event: 33.244 Thread 0x00000000564b8000 4098       2       java.nio.HeapByteBuffer::<init> (13 bytes)
Event: 33.245 Thread 0x00000000564b8000 nmethod 4098 0x0000000003856190 code [0x0000000003856300, 0x0000000003856508]
Event: 33.294 Thread 0x00000000564b8000 4099       2       java.lang.Thread::isInterrupted (6 bytes)
Event: 33.294 Thread 0x00000000564b8000 nmethod 4099 0x00000000038565d0 code [0x0000000003856740, 0x00000000038568c8]
Event: 33.344 Thread 0x00000000564b8000 4100 % !   3       org.h2.mvstore.Chunk::readChunkHeader @ 29 (138 bytes)

GC Heap History (10 events):
Event: 12.389 GC heap before
{Heap before GC invocations=7 (full 1):
 PSYoungGen      total 139776K, used 6209K [0x00000000eb380000, 0x00000000f4480000, 0x0000000100000000)
  eden space 131072K, 0% used [0x00000000eb380000,0x00000000eb380000,0x00000000f3380000)
  from space 8704K, 71% used [0x00000000f3c00000,0x00000000f4210520,0x00000000f4480000)
  to   space 8704K, 0% used [0x00000000f3380000,0x00000000f3380000,0x00000000f3c00000)
 ParOldGen       total 44032K, used 13767K [0x00000000c1a00000, 0x00000000c4500000, 0x00000000eb380000)
  object space 44032K, 31% used [0x00000000c1a00000,0x00000000c2771f18,0x00000000c4500000)
 Metaspace       used 20861K, capacity 21140K, committed 21296K, reserved 1069056K
  class space    used 2563K, capacity 2640K, committed 2688K, reserved 1048576K
Event: 12.591 GC heap after
Heap after GC invocations=7 (full 1):
 PSYoungGen      total 139776K, used 0K [0x00000000eb380000, 0x00000000f4480000, 0x0000000100000000)
  eden space 131072K, 0% used [0x00000000eb380000,0x00000000eb380000,0x00000000f3380000)
  from space 8704K, 0% used [0x00000000f3c00000,0x00000000f3c00000,0x00000000f4480000)
  to   space 8704K, 0% used [0x00000000f3380000,0x00000000f3380000,0x00000000f3c00000)
 ParOldGen       total 36864K, used 12897K [0x00000000c1a00000, 0x00000000c3e00000, 0x00000000eb380000)
  object space 36864K, 34% used [0x00000000c1a00000,0x00000000c26986f0,0x00000000c3e00000)
 Metaspace       used 20861K, capacity 21140K, committed 21296K, reserved 1069056K
  class space    used 2563K, capacity 2640K, committed 2688K, reserved 1048576K
}
Event: 23.606 GC heap before
{Heap before GC invocations=8 (full 1):
 PSYoungGen      total 139776K, used 131072K [0x00000000eb380000, 0x00000000f4480000, 0x0000000100000000)
  eden space 131072K, 100% used [0x00000000eb380000,0x00000000f3380000,0x00000000f3380000)
  from space 8704K, 0% used [0x00000000f3c00000,0x00000000f3c00000,0x00000000f4480000)
  to   space 8704K, 0% used [0x00000000f3380000,0x00000000f3380000,0x00000000f3c00000)
 ParOldGen       total 36864K, used 12897K [0x00000000c1a00000, 0x00000000c3e00000, 0x00000000eb380000)
  object space 36864K, 34% used [0x00000000c1a00000,0x00000000c26986f0,0x00000000c3e00000)
 Metaspace       used 28439K, capacity 28716K, committed 28928K, reserved 1075200K
  class space    used 3489K, capacity 3579K, committed 3584K, reserved 1048576K
Event: 23.742 GC heap after
Heap after GC invocations=8 (full 1):
 PSYoungGen      total 139776K, used 8694K [0x00000000eb380000, 0x00000000fbd80000, 0x0000000100000000)
  eden space 131072K, 0% used [0x00000000eb380000,0x00000000eb380000,0x00000000f3380000)
  from space 8704K, 99% used [0x00000000f3380000,0x00000000f3bfd900,0x00000000f3c00000)
  to   space 12800K, 0% used [0x00000000fb100000,0x00000000fb100000,0x00000000fbd80000)
 ParOldGen       total 36864K, used 18859K [0x00000000c1a00000, 0x00000000c3e00000, 0x00000000eb380000)
  object space 36864K, 51% used [0x00000000c1a00000,0x00000000c2c6ae00,0x00000000c3e00000)
 Metaspace       used 28439K, capacity 28716K, committed 28928K, reserved 1075200K
  class space    used 3489K, capacity 3579K, committed 3584K, reserved 1048576K
}
Event: 29.972 GC heap before
{Heap before GC invocations=9 (full 1):
 PSYoungGen      total 139776K, used 139766K [0x00000000eb380000, 0x00000000fbd80000, 0x0000000100000000)
  eden space 131072K, 100% used [0x00000000eb380000,0x00000000f3380000,0x00000000f3380000)
  from space 8704K, 99% used [0x00000000f3380000,0x00000000f3bfd900,0x00000000f3c00000)
  to   space 12800K, 0% used [0x00000000fb100000,0x00000000fb100000,0x00000000fbd80000)
 ParOldGen       total 36864K, used 18859K [0x00000000c1a00000, 0x00000000c3e00000, 0x00000000eb380000)
  object space 36864K, 51% used [0x00000000c1a00000,0x00000000c2c6ae00,0x00000000c3e00000)
 Metaspace       used 34392K, capacity 34790K, committed 35072K, reserved 1079296K
  class space    used 4193K, capacity 4330K, committed 4352K, reserved 1048576K
Event: 29.989 GC heap after
Heap after GC invocations=9 (full 1):
 PSYoungGen      total 254976K, used 12776K [0x00000000eb380000, 0x00000000fc200000, 0x0000000100000000)
  eden space 242176K, 0% used [0x00000000eb380000,0x00000000eb380000,0x00000000fa000000)
  from space 12800K, 99% used [0x00000000fb100000,0x00000000fbd7a100,0x00000000fbd80000)
  to   space 17408K, 0% used [0x00000000fa000000,0x00000000fa000000,0x00000000fb100000)
 ParOldGen       total 36864K, used 25225K [0x00000000c1a00000, 0x00000000c3e00000, 0x00000000eb380000)
  object space 36864K, 68% used [0x00000000c1a00000,0x00000000c32a27c8,0x00000000c3e00000)
 Metaspace       used 34392K, capacity 34790K, committed 35072K, reserved 1079296K
  class space    used 4193K, capacity 4330K, committed 4352K, reserved 1048576K
}
Event: 30.068 GC heap before
{Heap before GC invocations=10 (full 1):
 PSYoungGen      total 254976K, used 28980K [0x00000000eb380000, 0x00000000fc200000, 0x0000000100000000)
  eden space 242176K, 6% used [0x00000000eb380000,0x00000000ec3532e0,0x00000000fa000000)
  from space 12800K, 99% used [0x00000000fb100000,0x00000000fbd7a100,0x00000000fbd80000)
  to   space 17408K, 0% used [0x00000000fa000000,0x00000000fa000000,0x00000000fb100000)
 ParOldGen       total 36864K, used 25225K [0x00000000c1a00000, 0x00000000c3e00000, 0x00000000eb380000)
  object space 36864K, 68% used [0x00000000c1a00000,0x00000000c32a27c8,0x00000000c3e00000)
 Metaspace       used 34739K, capacity 35142K, committed 35456K, reserved 1081344K
  class space    used 4239K, capacity 4362K, committed 4480K, reserved 1048576K
Event: 30.087 GC heap after
Heap after GC invocations=10 (full 1):
 PSYoungGen      total 259584K, used 13193K [0x00000000eb380000, 0x0000000100000000, 0x0000000100000000)
  eden space 242176K, 0% used [0x00000000eb380000,0x00000000eb380000,0x00000000fa000000)
  from space 17408K, 75% used [0x00000000fa000000,0x00000000face2540,0x00000000fb100000)
  to   space 18432K, 0% used [0x00000000fee00000,0x00000000fee00000,0x0000000100000000)
 ParOldGen       total 36864K, used 25233K [0x00000000c1a00000, 0x00000000c3e00000, 0x00000000eb380000)
  object space 36864K, 68% used [0x00000000c1a00000,0x00000000c32a47c8,0x00000000c3e00000)
 Metaspace       used 34739K, capacity 35142K, committed 35456K, reserved 1081344K
  class space    used 4239K, capacity 4362K, committed 4480K, reserved 1048576K
}
Event: 30.087 GC heap before
{Heap before GC invocations=11 (full 2):
 PSYoungGen      total 259584K, used 13193K [0x00000000eb380000, 0x0000000100000000, 0x0000000100000000)
  eden space 242176K, 0% used [0x00000000eb380000,0x00000000eb380000,0x00000000fa000000)
  from space 17408K, 75% used [0x00000000fa000000,0x00000000face2540,0x00000000fb100000)
  to   space 18432K, 0% used [0x00000000fee00000,0x00000000fee00000,0x0000000100000000)
 ParOldGen       total 36864K, used 25233K [0x00000000c1a00000, 0x00000000c3e00000, 0x00000000eb380000)
  object space 36864K, 68% used [0x00000000c1a00000,0x00000000c32a47c8,0x00000000c3e00000)
 Metaspace       used 34739K, capacity 35142K, committed 35456K, reserved 1081344K
  class space    used 4239K, capacity 4362K, committed 4480K, reserved 1048576K
Event: 30.195 GC heap after
Heap after GC invocations=11 (full 2):
 PSYoungGen      total 259584K, used 0K [0x00000000eb380000, 0x0000000100000000, 0x0000000100000000)
  eden space 242176K, 0% used [0x00000000eb380000,0x00000000eb380000,0x00000000fa000000)
  from space 17408K, 0% used [0x00000000fa000000,0x00000000fa000000,0x00000000fb100000)
  to   space 18432K, 0% used [0x00000000fee00000,0x00000000fee00000,0x0000000100000000)
 ParOldGen       total 52224K, used 23563K [0x00000000c1a00000, 0x00000000c4d00000, 0x00000000eb380000)
  object space 52224K, 45% used [0x00000000c1a00000,0x00000000c3102f00,0x00000000c4d00000)
 Metaspace       used 34739K, capacity 35142K, committed 35456K, reserved 1081344K
  class space    used 4239K, capacity 4362K, committed 4480K, reserved 1048576K
}

Deoptimization events (10 events):
Event: 30.387 Thread 0x0000000057c21800 Uncommon trap: reason=unstable_if action=reinterpret pc=0x0000000002f76210 method=java.io.WinNTFileSystem.isLetter(C)Z @ 3
Event: 30.591 Thread 0x0000000057c21800 Uncommon trap: reason=unstable_if action=reinterpret pc=0x0000000002f1ee2c method=java.util.Arrays$ArrayList.indexOf(Ljava/lang/Object;)I @ 6
Event: 30.701 Thread 0x0000000057c21800 Uncommon trap: reason=bimorphic action=maybe_recompile pc=0x0000000002f8be6c method=java.util.AbstractList$Itr.next()Ljava/lang/Object; @ 14
Event: 30.701 Thread 0x0000000057c21800 Uncommon trap: reason=bimorphic action=maybe_recompile pc=0x0000000002f8be6c method=java.util.AbstractList$Itr.next()Ljava/lang/Object; @ 14
Event: 30.709 Thread 0x0000000057c21800 Uncommon trap: reason=bimorphic action=maybe_recompile pc=0x0000000002f8be6c method=java.util.AbstractList$Itr.next()Ljava/lang/Object; @ 14
Event: 30.716 Thread 0x0000000057c21800 Uncommon trap: reason=bimorphic action=maybe_recompile pc=0x0000000002f8be6c method=java.util.AbstractList$Itr.next()Ljava/lang/Object; @ 14
Event: 32.003 Thread 0x0000000057c21800 Uncommon trap: reason=unstable_if action=reinterpret pc=0x0000000003574a5c method=java.lang.Class$MethodArray.addIfNotPresent(Ljava/lang/reflect/Method;)V @ 19
Event: 32.007 Thread 0x0000000057c21800 Uncommon trap: reason=unstable_if action=reinterpret pc=0x000000000368b6b0 method=org.springframework.util.ReflectionUtils.getDeclaredMethods(Ljava/lang/Class;)[Ljava/lang/reflect/Method; @ 34
Event: 32.360 Thread 0x0000000057c21800 Uncommon trap: reason=unstable_if action=reinterpret pc=0x0000000002e52844 method=org.springframework.util.ConcurrentReferenceHashMap$Segment.clear()V @ 4
Event: 32.626 Thread 0x0000000057c21800 Uncommon trap: reason=unstable_if action=reinterpret pc=0x000000000319b9c4 method=org.springframework.util.ConcurrentReferenceHashMap$Segment.restructureIfNecessary(Z)V @ 33

Internal exceptions (10 events):
Event: 31.572 Thread 0x0000000057c21800 Exception <a 'java/lang/ClassNotFoundException': org/springframework/boot/devtools/autoconfigure/LocalDevToolsAutoConfiguration$LiveReloadConfiguration$$EnhancerBySpringCGLIB$$293a4774Customizer> (0x00000000f0f99108) thrown at [C:\re\workspace\8-2-build-wi¿dˆÀ’?@
Event: 31.573 Thread 0x0000000057c21800 Exception <a 'java/lang/ClassNotFoundException': org/springframework/context/annotation/ConfigurationClassEnhancer$EnhancedConfigurationCustomizer> (0x00000000f0fc07d8) thrown at [C:\re\workspace\8-2-build-windows-amd64-cygwin\jdk8u101\7261\hotspot\src\sha/gå?@
Event: 31.896 Thread 0x0000000057c21800 Exception <a 'java/lang/ClassNotFoundException': java/lang/ObjectCustomizer> (0x00000000f1079678) thrown at [C:\re\workspace\8-2-build-windows-amd64-cygwin\jdk8u101\7261\hotspot\src\share\vm\classfile\systemDictionary.cpp, line 210]
Event: 31.897 Thread 0x0000000057c21800 Exception <a 'java/lang/ClassNotFoundException': org/springframework/boot/devtools/livereload/LiveReloadServerCustomizer> (0x00000000f1095a48) thrown at [C:\re\workspace\8-2-build-windows-amd64-cygwin\jdk8u101\7261\hotspot\src\share\vm\classfile\systemDict®ý¤mPæ?@
Event: 31.900 Thread 0x0000000057c21800 Exception <a 'java/lang/ClassNotFoundException': java/lang/ObjectCustomizer> (0x00000000f10ac980) thrown at [C:\re\workspace\8-2-build-windows-amd64-cygwin\jdk8u101\7261\hotspot\src\share\vm\classfile\systemDictionary.cpp, line 210]
Event: 31.902 Thread 0x0000000057c21800 Exception <a 'java/lang/ClassNotFoundException': org/springframework/boot/devtools/autoconfigure/OptionalLiveReloadServerCustomizer> (0x00000000f10cafc0) thrown at [C:\re\workspace\8-2-build-windows-amd64-cygwin\jdk8u101\7261\hotspot\src\share\vm\classfile
Event: 31.912 Thread 0x0000000057c21800 Exception <a 'java/lang/ClassNotFoundException': java/lang/ObjectCustomizer> (0x00000000f10ec918) thrown at [C:\re\workspace\8-2-build-windows-amd64-cygwin\jdk8u101\7261\hotspot\src\share\vm\classfile\systemDictionary.cpp, line 210]
Event: 31.912 Thread 0x0000000057c21800 Exception <a 'java/lang/ClassNotFoundException': org/springframework/boot/devtools/autoconfigure/LocalDevToolsAutoConfigurationCustomizer> (0x00000000f110cbb0) thrown at [C:\re\workspace\8-2-build-windows-amd64-cygwin\jdk8u101\7261\hotspot\src\share\vm\cla¦šé¡é?@
Event: 31.913 Thread 0x0000000057c21800 Exception <a 'java/lang/ClassNotFoundException': org/springframework/boot/devtools/autoconfigure/LocalDevToolsAutoConfiguration$$EnhancerBySpringCGLIB$$a559e447Customizer> (0x00000000f1131ca8) thrown at [C:\re\workspace\8-2-build-windows-amd64-cygwin\jdk8u ß…ÿÈé?@
Event: 31.913 Thread 0x0000000057c21800 Exception <a 'java/lang/ClassNotFoundException': org/springframework/context/annotation/ConfigurationClassEnhancer$EnhancedConfigurationCustomizer> (0x00000000f1155fe0) thrown at [C:\re\workspace\8-2-build-windows-amd64-cygwin\jdk8u101\7261\hotspot\src\sha¡€Ôó†’?@

Events (10 events):
Event: 32.630 loading class org/springframework/util/StopWatch$TaskInfo
Event: 32.630 loading class org/springframework/util/StopWatch$TaskInfo done
Event: 32.636 Thread 0x0000000057c21800 Thread exited: 0x0000000057c21800
Event: 32.639 loading class java/util/WeakHashMap$KeyIterator
Event: 32.639 loading class java/util/WeakHashMap$KeyIterator done
Event: 32.639 Thread 0x00000000579cf000 Thread exited: 0x00000000579cf000
Event: 32.639 Thread 0x000000000235b000 Thread exited: 0x000000000235b000
Event: 32.639 Thread 0x0000000059dce800 Thread added: 0x0000000059dce800
Event: 33.042 Thread 0x0000000059e8a800 DEOPT PACKING pc=0x0000000003847db7 sp=0x000000005f50eee0
Event: 33.042 Thread 0x0000000059e8a800 DEOPT UNPACKING pc=0x0000000002b9787f sp=0x000000005f50ec08 mode 0


Dynamic libraries:
0x000000013f170000 - 0x000000013f1a7000 	C:\Program Files\Java\jdk1.8.0_101\jre\bin\java.exe
0x0000000077b10000 - 0x0000000077cb9000 	C:\Windows\SYSTEM32\ntdll.dll
0x00000000778f0000 - 0x0000000077a0f000 	C:\Windows\system32\kernel32.dll
0x000007fefdb50000 - 0x000007fefdbbb000 	C:\Windows\system32\KERNELBASE.dll
0x000007fefe090000 - 0x000007fefe16b000 	C:\Windows\system32\ADVAPI32.dll
0x000007fefe940000 - 0x000007fefe9df000 	C:\Windows\system32\msvcrt.dll
0x000007fefeab0000 - 0x000007fefeacf000 	C:\Windows\SYSTEM32\sechost.dll
0x000007fefec80000 - 0x000007fefedad000 	C:\Windows\system32\RPCRT4.dll
0x0000000077a10000 - 0x0000000077b0a000 	C:\Windows\system32\USER32.dll
0x000007fefe8d0000 - 0x000007fefe937000 	C:\Windows\system32\GDI32.dll
0x000007fefdf40000 - 0x000007fefdf4e000 	C:\Windows\system32\LPK.dll
0x000007fefe9e0000 - 0x000007fefeaa9000 	C:\Windows\system32\USP10.dll
0x000007fefc430000 - 0x000007fefc624000 	C:\Windows\WinSxS\amd64_microsoft.windows.common-controls_6595b64144ccf1df_6.0.7601.17514_none_fa396087175ac9ac\COMCTL32.dll
0x000007feff010000 - 0x000007feff081000 	C:\Windows\system32\SHLWAPI.dll
0x000007fefe820000 - 0x000007fefe84e000 	C:\Windows\system32\IMM32.DLL
0x000007fefde30000 - 0x000007fefdf39000 	C:\Windows\system32\MSCTF.dll
0x0000000075800000 - 0x0000000075839000 	C:\PROGRA~2\Sophos\SOPHOS~1\SOPHOS~2.DLL
0x0000000077ce0000 - 0x0000000077ce7000 	C:\Windows\system32\PSAPI.DLL
0x0000000073790000 - 0x0000000073862000 	C:\Program Files\Java\jdk1.8.0_101\jre\bin\msvcr100.dll
0x0000000072c80000 - 0x000000007351a000 	C:\Program Files\Java\jdk1.8.0_101\jre\bin\server\jvm.dll
0x000007fefa5b0000 - 0x000007fefa5b9000 	C:\Windows\system32\WSOCK32.dll
0x000007fefeb70000 - 0x000007fefebbd000 	C:\Windows\system32\WS2_32.dll
0x000007fefe080000 - 0x000007fefe088000 	C:\Windows\system32\NSI.dll
0x000007fefb7c0000 - 0x000007fefb7fb000 	C:\Windows\system32\WINMM.dll
0x000007fefcc00000 - 0x000007fefcc0c000 	C:\Windows\system32\VERSION.dll
0x0000000072c70000 - 0x0000000072c7f000 	C:\Program Files\Java\jdk1.8.0_101\jre\bin\verify.dll
0x0000000072c40000 - 0x0000000072c69000 	C:\Program Files\Java\jdk1.8.0_101\jre\bin\java.dll
0x0000000072c20000 - 0x0000000072c36000 	C:\Program Files\Java\jdk1.8.0_101\jre\bin\zip.dll
0x000007feff090000 - 0x000007feffe18000 	C:\Windows\system32\SHELL32.dll
0x000007fefe250000 - 0x000007fefe453000 	C:\Windows\system32\ole32.dll
0x000007fefda60000 - 0x000007fefda6f000 	C:\Windows\system32\profapi.dll
0x00000000721d0000 - 0x00000000721dd000 	C:\Program Files\Java\jdk1.8.0_101\jre\bin\management.dll
0x0000000072200000 - 0x000000007221a000 	C:\Program Files\Java\jdk1.8.0_101\jre\bin\net.dll
0x000007fefcc10000 - 0x000007fefcc40000 	C:\ProgramData\Sophos\Web Intelligence\swi_ifslsp_64.dll
0x000007fefd290000 - 0x000007fefd2e5000 	C:\Windows\system32\mswsock.dll
0x000007fefd280000 - 0x000007fefd287000 	C:\Windows\System32\wship6.dll
0x000007fefb960000 - 0x000007fefb975000 	C:\Windows\system32\NLAapi.dll
0x000007fefa910000 - 0x000007fefa925000 	C:\Windows\system32\napinsp.dll
0x000007fefa8b0000 - 0x000007fefa8c9000 	C:\Windows\system32\pnrpnsp.dll
0x000007fefd110000 - 0x000007fefd16b000 	C:\Windows\system32\DNSAPI.dll
0x000007fefa880000 - 0x000007fefa88b000 	C:\Windows\System32\winrnr.dll
0x000007fefae30000 - 0x000007fefae5f000 	C:\Program Files\Common Files\Microsoft Shared\Windows Live\WLIDNSP.DLL
0x000007fefcbe0000 - 0x000007fefcbe7000 	C:\Windows\System32\wshtcpip.dll
0x000007fefc950000 - 0x000007fefc977000 	C:\Windows\system32\IPHLPAPI.DLL
0x000007fefcbf0000 - 0x000007fefcbfb000 	C:\Windows\system32\WINNSI.DLL
0x000007fefae20000 - 0x000007fefae28000 	C:\Windows\system32\rasadhlp.dll
0x000007fefb3b0000 - 0x000007fefb403000 	C:\Windows\System32\fwpuclnt.dll
0x00000000721e0000 - 0x00000000721f1000 	C:\Program Files\Java\jdk1.8.0_101\jre\bin\nio.dll
0x000007fefd2f0000 - 0x000007fefd307000 	C:\Windows\system32\CRYPTSP.dll
0x000007fefcff0000 - 0x000007fefd037000 	C:\Windows\system32\rsaenh.dll
0x000007fefcd40000 - 0x000007fefcd5e000 	C:\Windows\system32\USERENV.dll
0x000007fefd950000 - 0x000007fefd95f000 	C:\Windows\system32\CRYPTBASE.dll
0x000007fefb460000 - 0x000007fefb471000 	C:\Windows\system32\dhcpcsvc6.DLL
0x000007fefb410000 - 0x000007fefb428000 	C:\Windows\system32\dhcpcsvc.DLL

VM Arguments:
java_command: org.kumaran.config.AuthorizationServerApplication
java_class_path (initial): D:\springboot\democode\openshift-origin-demo-server\src\main\resources;D:\springboot\democode\openshift-origin-demo-server\src\main\resources;D:\springboot\democode\openshift-origin-demo-server\target\classes;C:\Users\devi2380.KSPLAD\.m2\repository\org\springframework\boot\spring-boot-starter-web\1.5.8.RELEASE\spring-boot-starter-web-1.5.8.RELEASE.jar;C:\Users\devi2380.KSPLAD\.m2\repository\org\springframework\boot\spring-boot-starter\1.5.8.RELEASE\spring-boot-starter-1.5.8.RELEASE.jar;C:\Users\devi2380.KSPLAD\.m2\repository\org\springframework\boot\spring-boot-starter-logging\1.5.8.RELEASE\spring-boot-starter-logging-1.5.8.RELEASE.jar;C:\Users\devi2380.KSPLAD\.m2\repository\ch\qos\logback\logback-classic\1.1.11\logback-classic-1.1.11.jar;C:\Users\devi2380.KSPLAD\.m2\repository\ch\qos\logback\logback-core\1.1.11\logback-core-1.1.11.jar;C:\Users\devi2380.KSPLAD\.m2\repository\org\slf4j\jcl-over-slf4j\1.7.25\jcl-over-slf4j-1.7.25.jar;C:\Users\devi2380.KSPLAD\.m2\repository\org\slf4j\jul-to-slf4j\1.7.25\jul-to-slf4j-1.7.25.jar;C:\Users\devi2380.KSPLAD\.m2\repository\org\slf4j\log4j-over-slf4j\1.7.25\log4j-over-slf4j-1.7.25.jar;C:\Users\devi2380.KSPLAD\.m2\repository\org\yaml\snakeyaml\1.17\snakeyaml-1.17.jar;C:\Users\devi2380.KSPLAD\.m2\repository\org\springframework\boot\spring-boot-starter-tomcat\1.5.8.RELEASE\spring-boot-starter-tomcat-1.5.8.RELEASE.jar;C:\Users\devi2380.KSPLAD\.m2\repository\org\apache\tomcat\embed\tomcat-embed-core\8.5.23\tomcat-embed-core-8.5.23.jar;C:\Users\devi2380.KSPLAD\.m2\repository\org\apache\tomcat\tomcat-annotations-api\8.5.23\tomcat-annotations-api-8.5.23.jar;C:\Users\devi2380.KSPLAD\.m2\repository\org\apache\tomcat\embed\tomcat-embed-el\8.5.23\tomcat-embed-el-8.5.23.jar;C:\Users\devi2380.KSPLAD\.m2\repository\org\apache\tomcat\embed\tomcat-embed-websocket\8.5.23\tomcat-embed-websocket-8.5.23.jar;C:\Users\devi2380.KSPLAD\.m2\repository\org\hibernate\hibernate-validator\5.3.5.Final\hibernate-validator-5.3.5.F
Launcher Type: SUN_STANDARD

Environment Variables:
JAVA_HOME=C:\Program Files\Java\jdk1.8.0_101
PATH=C:\Program Files (x86)\Microsoft SDKs\Azure\CLI2\wbin;C:\Program Files\Java\jdk1.8.0_101\bin;D:\softwares\apache-maven-3.3.9\bin;C:\Windows\System32\WindowsPowerShell\v1.0\;C:\Program Files\Microsoft SQL Server\130\Tools\Binn\;C:\Program Files (x86)\Microsoft SQL Server\110\Tools\Binn\;C:\Program Files\Microsoft SQL Server\110\Tools\Binn\;C:\Program Files\Microsoft SQL Server\110\DTS\Binn\;C:\Program Files (x86)\Microsoft SQL Server\110\Tools\Binn\ManagementStudio\;C:\Program Files (x86)\Microsoft SQL Server\110\DTS\Binn\;C:\Program Files\Git\cmd;C:\Program Files\nodejs\;C:\Windows\System32;C:\Python27;C:\Users\devi2380.KSPLAD\AppData\Roaming\npm;;C:\Program Files (x86)\Microsoft VS Code\bin
USERNAME=devi2380
OS=Windows_NT
PROCESSOR_IDENTIFIER=Intel64 Family 6 Model 58 Stepping 9, GenuineIntel



---------------  S Y S T E M  ---------------

OS: Windows 7 , 64 bit Build 7601 (6.1.7601.18015)

CPU:total 4 (2 cores per cpu, 2 threads per core) family 6 model 58 stepping 9, cmov, cx8, fxsr, mmx, sse, sse2, sse3, ssse3, sse4.1, sse4.2, popcnt, avx, clmul, erms, ht, tsc, tscinvbit, tscinv

Memory: 4k page, physical 4084768k(194728k free), swap 8277208k(7932k free)

vm_info: Java HotSpot(TM) 64-Bit Server VM (25.101-b13) for windows-amd64 JRE (1.8.0_101-b13), built on Jun 22 2016 01:21:29 by "java_re" with MS VC++ 10.0 (VS2010)

time: Fri Dec 22 13:35:31 2017
elapsed time: 33 seconds (0d 0h 0m 33s)

